[2014-11-20 14:44:46,014] ERROR (SqlExceptionHelper.java:147) - Unknown column 'city_id' in 'field list'
[2014-11-20 14:48:30,793] ERROR (SqlExceptionHelper.java:147) - Unknown column 'user_id' in 'field list'
[2014-11-20 14:50:36,301] ERROR (SqlExceptionHelper.java:147) - Column 'status' cannot be null
[2014-11-20 14:53:02,804] ERROR (SqlExceptionHelper.java:147) - Column 'tags' cannot be null
[2014-11-20 14:54:06,741] ERROR (SqlExceptionHelper.java:147) - Column 'tags' cannot be null
[2014-11-20 14:59:40,838] ERROR (SqlExceptionHelper.java:147) - Field 'activity' doesn't have a default value
[2014-11-20 15:03:12,442] ERROR (SqlExceptionHelper.java:147) - Unknown column 'activity_id' in 'field list'
[2014-11-20 15:05:44,437] ERROR (SqlExceptionHelper.java:147) - Column 'create_time' cannot be null
[2014-11-20 15:10:13,116] ERROR (SqlExceptionHelper.java:147) - Table 'izou7.i_activity_i_activity_poster' doesn't exist
[2014-11-20 15:10:18,359] ERROR (AbstractBatchImpl.java:167) - HHH000352: Unable to release batch statement...
[2014-11-20 15:10:18,360] ERROR (AbstractBatchImpl.java:168) - HHH000246: SQLException escaped proxy
java.sql.SQLException: You can't operate on a closed Statement!!!
[Cause: java.lang.NullPointerException
	at com.mchange.v2.c3p0.impl.NewProxyPreparedStatement.maybeDirtyTransaction(NewProxyPreparedStatement.java:2069)
	at com.mchange.v2.c3p0.impl.NewProxyPreparedStatement.clearBatch(NewProxyPreparedStatement.java:1695)
	at org.hibernate.engine.jdbc.batch.internal.AbstractBatchImpl.releaseStatements(AbstractBatchImpl.java:163)
	at org.hibernate.engine.jdbc.batch.internal.AbstractBatchImpl.release(AbstractBatchImpl.java:197)
	at org.hibernate.engine.jdbc.internal.JdbcCoordinatorImpl.close(JdbcCoordinatorImpl.java:174)
	at org.hibernate.engine.transaction.internal.TransactionCoordinatorImpl.close(TransactionCoordinatorImpl.java:277)
	at org.hibernate.internal.SessionImpl.close(SessionImpl.java:354)
	at org.springframework.orm.hibernate4.SessionFactoryUtils.closeSession(SessionFactoryUtils.java:119)
	at org.springframework.orm.hibernate4.support.OpenSessionInViewFilter.doFilterInternal(OpenSessionInViewFilter.java:158)
	at org.springframework.web.filter.OncePerRequestFilter.doFilter(OncePerRequestFilter.java:108)
	at org.mortbay.jetty.servlet.ServletHandler$CachedChain.doFilter(ServletHandler.java:1212)
	at org.apache.shiro.web.servlet.ProxiedFilterChain.doFilter(ProxiedFilterChain.java:61)
	at org.apache.shiro.web.servlet.AdviceFilter.executeChain(AdviceFilter.java:108)
	at org.apache.shiro.web.servlet.AdviceFilter.doFilterInternal(AdviceFilter.java:137)
	at org.apache.shiro.web.servlet.OncePerRequestFilter.doFilter(OncePerRequestFilter.java:125)
	at org.apache.shiro.web.servlet.ProxiedFilterChain.doFilter(ProxiedFilterChain.java:66)
	at org.apache.shiro.web.servlet.AbstractShiroFilter.executeChain(AbstractShiroFilter.java:449)
	at org.apache.shiro.web.servlet.AbstractShiroFilter$1.call(AbstractShiroFilter.java:365)
	at org.apache.shiro.subject.support.SubjectCallable.doCall(SubjectCallable.java:90)
	at org.apache.shiro.subject.support.SubjectCallable.call(SubjectCallable.java:83)
	at org.apache.shiro.subject.support.DelegatingSubject.execute(DelegatingSubject.java:383)
	at org.apache.shiro.web.servlet.AbstractShiroFilter.doFilterInternal(AbstractShiroFilter.java:362)
	at org.apache.shiro.web.servlet.OncePerRequestFilter.doFilter(OncePerRequestFilter.java:125)
	at org.springframework.web.filter.DelegatingFilterProxy.invokeDelegate(DelegatingFilterProxy.java:344)
	at org.springframework.web.filter.DelegatingFilterProxy.doFilter(DelegatingFilterProxy.java:261)
	at org.mortbay.jetty.servlet.ServletHandler$CachedChain.doFilter(ServletHandler.java:1212)
	at org.mortbay.jetty.servlet.ServletHandler.handle(ServletHandler.java:399)
	at org.mortbay.jetty.security.SecurityHandler.handle(SecurityHandler.java:216)
	at org.mortbay.jetty.servlet.SessionHandler.handle(SessionHandler.java:182)
	at org.mortbay.jetty.handler.ContextHandler.handle(ContextHandler.java:766)
	at org.mortbay.jetty.webapp.WebAppContext.handle(WebAppContext.java:450)
	at org.mortbay.jetty.handler.HandlerWrapper.handle(HandlerWrapper.java:152)
	at org.mortbay.jetty.Server.handle(Server.java:326)
	at org.mortbay.jetty.HttpConnection.handleRequest(HttpConnection.java:542)
	at org.mortbay.jetty.HttpConnection$RequestHandler.headerComplete(HttpConnection.java:928)
	at org.mortbay.jetty.HttpParser.parseNext(HttpParser.java:549)
	at org.mortbay.jetty.HttpParser.parseAvailable(HttpParser.java:212)
	at org.mortbay.jetty.HttpConnection.handle(HttpConnection.java:404)
	at org.mortbay.io.nio.SelectChannelEndPoint.run(SelectChannelEndPoint.java:410)
	at org.mortbay.thread.QueuedThreadPool$PoolThread.run(QueuedThreadPool.java:582)
]
	at com.mchange.v2.sql.SqlUtils.toSQLException(SqlUtils.java:111)
	at com.mchange.v2.sql.SqlUtils.toSQLException(SqlUtils.java:65)
	at com.mchange.v2.c3p0.impl.NewProxyPreparedStatement.clearBatch(NewProxyPreparedStatement.java:1703)
	at org.hibernate.engine.jdbc.batch.internal.AbstractBatchImpl.releaseStatements(AbstractBatchImpl.java:163)
	at org.hibernate.engine.jdbc.batch.internal.AbstractBatchImpl.release(AbstractBatchImpl.java:197)
	at org.hibernate.engine.jdbc.internal.JdbcCoordinatorImpl.close(JdbcCoordinatorImpl.java:174)
	at org.hibernate.engine.transaction.internal.TransactionCoordinatorImpl.close(TransactionCoordinatorImpl.java:277)
	at org.hibernate.internal.SessionImpl.close(SessionImpl.java:354)
	at org.springframework.orm.hibernate4.SessionFactoryUtils.closeSession(SessionFactoryUtils.java:119)
	at org.springframework.orm.hibernate4.support.OpenSessionInViewFilter.doFilterInternal(OpenSessionInViewFilter.java:158)
	at org.springframework.web.filter.OncePerRequestFilter.doFilter(OncePerRequestFilter.java:108)
	at org.mortbay.jetty.servlet.ServletHandler$CachedChain.doFilter(ServletHandler.java:1212)
	at org.apache.shiro.web.servlet.ProxiedFilterChain.doFilter(ProxiedFilterChain.java:61)
	at org.apache.shiro.web.servlet.AdviceFilter.executeChain(AdviceFilter.java:108)
	at org.apache.shiro.web.servlet.AdviceFilter.doFilterInternal(AdviceFilter.java:137)
	at org.apache.shiro.web.servlet.OncePerRequestFilter.doFilter(OncePerRequestFilter.java:125)
	at org.apache.shiro.web.servlet.ProxiedFilterChain.doFilter(ProxiedFilterChain.java:66)
	at org.apache.shiro.web.servlet.AbstractShiroFilter.executeChain(AbstractShiroFilter.java:449)
	at org.apache.shiro.web.servlet.AbstractShiroFilter$1.call(AbstractShiroFilter.java:365)
	at org.apache.shiro.subject.support.SubjectCallable.doCall(SubjectCallable.java:90)
	at org.apache.shiro.subject.support.SubjectCallable.call(SubjectCallable.java:83)
	at org.apache.shiro.subject.support.DelegatingSubject.execute(DelegatingSubject.java:383)
	at org.apache.shiro.web.servlet.AbstractShiroFilter.doFilterInternal(AbstractShiroFilter.java:362)
	at org.apache.shiro.web.servlet.OncePerRequestFilter.doFilter(OncePerRequestFilter.java:125)
	at org.springframework.web.filter.DelegatingFilterProxy.invokeDelegate(DelegatingFilterProxy.java:344)
	at org.springframework.web.filter.DelegatingFilterProxy.doFilter(DelegatingFilterProxy.java:261)
	at org.mortbay.jetty.servlet.ServletHandler$CachedChain.doFilter(ServletHandler.java:1212)
	at org.mortbay.jetty.servlet.ServletHandler.handle(ServletHandler.java:399)
	at org.mortbay.jetty.security.SecurityHandler.handle(SecurityHandler.java:216)
	at org.mortbay.jetty.servlet.SessionHandler.handle(SessionHandler.java:182)
	at org.mortbay.jetty.handler.ContextHandler.handle(ContextHandler.java:766)
	at org.mortbay.jetty.webapp.WebAppContext.handle(WebAppContext.java:450)
	at org.mortbay.jetty.handler.HandlerWrapper.handle(HandlerWrapper.java:152)
	at org.mortbay.jetty.Server.handle(Server.java:326)
	at org.mortbay.jetty.HttpConnection.handleRequest(HttpConnection.java:542)
	at org.mortbay.jetty.HttpConnection$RequestHandler.headerComplete(HttpConnection.java:928)
	at org.mortbay.jetty.HttpParser.parseNext(HttpParser.java:549)
	at org.mortbay.jetty.HttpParser.parseAvailable(HttpParser.java:212)
	at org.mortbay.jetty.HttpConnection.handle(HttpConnection.java:404)
	at org.mortbay.io.nio.SelectChannelEndPoint.run(SelectChannelEndPoint.java:410)
	at org.mortbay.thread.QueuedThreadPool$PoolThread.run(QueuedThreadPool.java:582)
