[2014-11-18 09:39:58,039] WARN  (DispatcherServlet.java:1118) - No mapping found for HTTP request with URI [/favicon.ico] in DispatcherServlet with name 'spring-mvc'
[2014-11-18 09:44:33,638] WARN  (DispatcherServlet.java:1118) - No mapping found for HTTP request with URI [/favicon.ico] in DispatcherServlet with name 'spring-mvc'
[2014-11-18 09:44:37,113] WARN  (HqlSqlWalker.java:930) - [DEPRECATION] Encountered positional parameter near line 1, column 80.  Positional parameter are considered deprecated; use named parameters or JPA-style positional parameters instead.
[2014-11-18 09:44:39,367] WARN  (DefaultHandlerExceptionResolver.java:156) - Handling of [org.springframework.http.converter.HttpMessageNotWritableException] resulted in Exception
java.lang.IllegalStateException: Committed
	at org.mortbay.jetty.Response.resetBuffer(Response.java:1023)
	at org.mortbay.jetty.Response.sendError(Response.java:240)
	at org.mortbay.jetty.Response.sendError(Response.java:342)
	at javax.servlet.http.HttpServletResponseWrapper.sendError(HttpServletResponseWrapper.java:128)
	at org.springframework.web.servlet.mvc.support.DefaultHandlerExceptionResolver.sendServerError(DefaultHandlerExceptionResolver.java:313)
	at org.springframework.web.servlet.mvc.support.DefaultHandlerExceptionResolver.handleHttpMessageNotWritable(DefaultHandlerExceptionResolver.java:370)
	at org.springframework.web.servlet.mvc.support.DefaultHandlerExceptionResolver.doResolveException(DefaultHandlerExceptionResolver.java:140)
	at org.springframework.web.servlet.handler.AbstractHandlerExceptionResolver.resolveException(AbstractHandlerExceptionResolver.java:138)
	at org.springframework.web.servlet.DispatcherServlet.processHandlerException(DispatcherServlet.java:1164)
	at org.springframework.web.servlet.DispatcherServlet.processDispatchResult(DispatcherServlet.java:1005)
	at org.springframework.web.servlet.DispatcherServlet.doDispatch(DispatcherServlet.java:959)
	at org.springframework.web.servlet.DispatcherServlet.doService(DispatcherServlet.java:876)
	at org.springframework.web.servlet.FrameworkServlet.processRequest(FrameworkServlet.java:931)
	at org.springframework.web.servlet.FrameworkServlet.doGet(FrameworkServlet.java:822)
	at javax.servlet.http.HttpServlet.service(HttpServlet.java:707)
	at org.springframework.web.servlet.FrameworkServlet.service(FrameworkServlet.java:807)
	at javax.servlet.http.HttpServlet.service(HttpServlet.java:820)
	at org.mortbay.jetty.servlet.ServletHolder.handle(ServletHolder.java:511)
	at org.mortbay.jetty.servlet.ServletHandler$CachedChain.doFilter(ServletHandler.java:1221)
	at org.springframework.orm.hibernate4.support.OpenSessionInViewFilter.doFilterInternal(OpenSessionInViewFilter.java:149)
	at org.springframework.web.filter.OncePerRequestFilter.doFilter(OncePerRequestFilter.java:108)
	at org.mortbay.jetty.servlet.ServletHandler$CachedChain.doFilter(ServletHandler.java:1212)
	at org.apache.shiro.web.servlet.ProxiedFilterChain.doFilter(ProxiedFilterChain.java:61)
	at org.apache.shiro.web.servlet.AdviceFilter.executeChain(AdviceFilter.java:108)
	at org.apache.shiro.web.servlet.AdviceFilter.doFilterInternal(AdviceFilter.java:137)
	at org.apache.shiro.web.servlet.OncePerRequestFilter.doFilter(OncePerRequestFilter.java:125)
	at org.apache.shiro.web.servlet.ProxiedFilterChain.doFilter(ProxiedFilterChain.java:66)
	at org.apache.shiro.web.servlet.AbstractShiroFilter.executeChain(AbstractShiroFilter.java:449)
	at org.apache.shiro.web.servlet.AbstractShiroFilter$1.call(AbstractShiroFilter.java:365)
	at org.apache.shiro.subject.support.SubjectCallable.doCall(SubjectCallable.java:90)
	at org.apache.shiro.subject.support.SubjectCallable.call(SubjectCallable.java:83)
	at org.apache.shiro.subject.support.DelegatingSubject.execute(DelegatingSubject.java:383)
	at org.apache.shiro.web.servlet.AbstractShiroFilter.doFilterInternal(AbstractShiroFilter.java:362)
	at org.apache.shiro.web.servlet.OncePerRequestFilter.doFilter(OncePerRequestFilter.java:125)
	at org.springframework.web.filter.DelegatingFilterProxy.invokeDelegate(DelegatingFilterProxy.java:344)
	at org.springframework.web.filter.DelegatingFilterProxy.doFilter(DelegatingFilterProxy.java:261)
	at org.mortbay.jetty.servlet.ServletHandler$CachedChain.doFilter(ServletHandler.java:1212)
	at org.mortbay.jetty.servlet.ServletHandler.handle(ServletHandler.java:399)
	at org.mortbay.jetty.security.SecurityHandler.handle(SecurityHandler.java:216)
	at org.mortbay.jetty.servlet.SessionHandler.handle(SessionHandler.java:182)
	at org.mortbay.jetty.handler.ContextHandler.handle(ContextHandler.java:766)
	at org.mortbay.jetty.webapp.WebAppContext.handle(WebAppContext.java:450)
	at org.mortbay.jetty.handler.HandlerWrapper.handle(HandlerWrapper.java:152)
	at org.mortbay.jetty.Server.handle(Server.java:326)
	at org.mortbay.jetty.HttpConnection.handleRequest(HttpConnection.java:542)
	at org.mortbay.jetty.HttpConnection$RequestHandler.headerComplete(HttpConnection.java:928)
	at org.mortbay.jetty.HttpParser.parseNext(HttpParser.java:549)
	at org.mortbay.jetty.HttpParser.parseAvailable(HttpParser.java:212)
	at org.mortbay.jetty.HttpConnection.handle(HttpConnection.java:404)
	at org.mortbay.io.nio.SelectChannelEndPoint.run(SelectChannelEndPoint.java:410)
	at org.mortbay.thread.QueuedThreadPool$PoolThread.run(QueuedThreadPool.java:582)
[2014-11-18 09:52:22,130] WARN  (HqlSqlWalker.java:930) - [DEPRECATION] Encountered positional parameter near line 1, column 80.  Positional parameter are considered deprecated; use named parameters or JPA-style positional parameters instead.
[2014-11-18 09:52:22,976] WARN  (DefaultHandlerExceptionResolver.java:156) - Handling of [org.springframework.http.converter.HttpMessageNotWritableException] resulted in Exception
java.lang.IllegalStateException: Committed
	at org.mortbay.jetty.Response.resetBuffer(Response.java:1023)
	at org.mortbay.jetty.Response.sendError(Response.java:240)
	at org.mortbay.jetty.Response.sendError(Response.java:342)
	at javax.servlet.http.HttpServletResponseWrapper.sendError(HttpServletResponseWrapper.java:128)
	at org.springframework.web.servlet.mvc.support.DefaultHandlerExceptionResolver.sendServerError(DefaultHandlerExceptionResolver.java:313)
	at org.springframework.web.servlet.mvc.support.DefaultHandlerExceptionResolver.handleHttpMessageNotWritable(DefaultHandlerExceptionResolver.java:370)
	at org.springframework.web.servlet.mvc.support.DefaultHandlerExceptionResolver.doResolveException(DefaultHandlerExceptionResolver.java:140)
	at org.springframework.web.servlet.handler.AbstractHandlerExceptionResolver.resolveException(AbstractHandlerExceptionResolver.java:138)
	at org.springframework.web.servlet.DispatcherServlet.processHandlerException(DispatcherServlet.java:1164)
	at org.springframework.web.servlet.DispatcherServlet.processDispatchResult(DispatcherServlet.java:1005)
	at org.springframework.web.servlet.DispatcherServlet.doDispatch(DispatcherServlet.java:959)
	at org.springframework.web.servlet.DispatcherServlet.doService(DispatcherServlet.java:876)
	at org.springframework.web.servlet.FrameworkServlet.processRequest(FrameworkServlet.java:931)
	at org.springframework.web.servlet.FrameworkServlet.doGet(FrameworkServlet.java:822)
	at javax.servlet.http.HttpServlet.service(HttpServlet.java:707)
	at org.springframework.web.servlet.FrameworkServlet.service(FrameworkServlet.java:807)
	at javax.servlet.http.HttpServlet.service(HttpServlet.java:820)
	at org.mortbay.jetty.servlet.ServletHolder.handle(ServletHolder.java:511)
	at org.mortbay.jetty.servlet.ServletHandler$CachedChain.doFilter(ServletHandler.java:1221)
	at org.springframework.orm.hibernate4.support.OpenSessionInViewFilter.doFilterInternal(OpenSessionInViewFilter.java:149)
	at org.springframework.web.filter.OncePerRequestFilter.doFilter(OncePerRequestFilter.java:108)
	at org.mortbay.jetty.servlet.ServletHandler$CachedChain.doFilter(ServletHandler.java:1212)
	at org.apache.shiro.web.servlet.ProxiedFilterChain.doFilter(ProxiedFilterChain.java:61)
	at org.apache.shiro.web.servlet.AdviceFilter.executeChain(AdviceFilter.java:108)
	at org.apache.shiro.web.servlet.AdviceFilter.doFilterInternal(AdviceFilter.java:137)
	at org.apache.shiro.web.servlet.OncePerRequestFilter.doFilter(OncePerRequestFilter.java:125)
	at org.apache.shiro.web.servlet.ProxiedFilterChain.doFilter(ProxiedFilterChain.java:66)
	at org.apache.shiro.web.servlet.AbstractShiroFilter.executeChain(AbstractShiroFilter.java:449)
	at org.apache.shiro.web.servlet.AbstractShiroFilter$1.call(AbstractShiroFilter.java:365)
	at org.apache.shiro.subject.support.SubjectCallable.doCall(SubjectCallable.java:90)
	at org.apache.shiro.subject.support.SubjectCallable.call(SubjectCallable.java:83)
	at org.apache.shiro.subject.support.DelegatingSubject.execute(DelegatingSubject.java:383)
	at org.apache.shiro.web.servlet.AbstractShiroFilter.doFilterInternal(AbstractShiroFilter.java:362)
	at org.apache.shiro.web.servlet.OncePerRequestFilter.doFilter(OncePerRequestFilter.java:125)
	at org.springframework.web.filter.DelegatingFilterProxy.invokeDelegate(DelegatingFilterProxy.java:344)
	at org.springframework.web.filter.DelegatingFilterProxy.doFilter(DelegatingFilterProxy.java:261)
	at org.mortbay.jetty.servlet.ServletHandler$CachedChain.doFilter(ServletHandler.java:1212)
	at org.mortbay.jetty.servlet.ServletHandler.handle(ServletHandler.java:399)
	at org.mortbay.jetty.security.SecurityHandler.handle(SecurityHandler.java:216)
	at org.mortbay.jetty.servlet.SessionHandler.handle(SessionHandler.java:182)
	at org.mortbay.jetty.handler.ContextHandler.handle(ContextHandler.java:766)
	at org.mortbay.jetty.webapp.WebAppContext.handle(WebAppContext.java:450)
	at org.mortbay.jetty.handler.HandlerWrapper.handle(HandlerWrapper.java:152)
	at org.mortbay.jetty.Server.handle(Server.java:326)
	at org.mortbay.jetty.HttpConnection.handleRequest(HttpConnection.java:542)
	at org.mortbay.jetty.HttpConnection$RequestHandler.headerComplete(HttpConnection.java:928)
	at org.mortbay.jetty.HttpParser.parseNext(HttpParser.java:549)
	at org.mortbay.jetty.HttpParser.parseAvailable(HttpParser.java:212)
	at org.mortbay.jetty.HttpConnection.handle(HttpConnection.java:404)
	at org.mortbay.io.nio.SelectChannelEndPoint.run(SelectChannelEndPoint.java:410)
	at org.mortbay.thread.QueuedThreadPool$PoolThread.run(QueuedThreadPool.java:582)
[2014-11-18 09:54:13,936] WARN  (HqlSqlWalker.java:930) - [DEPRECATION] Encountered positional parameter near line 1, column 80.  Positional parameter are considered deprecated; use named parameters or JPA-style positional parameters instead.
[2014-11-18 09:57:13,596] WARN  (DispatcherServlet.java:1118) - No mapping found for HTTP request with URI [/favicon.ico] in DispatcherServlet with name 'spring-mvc'
[2014-11-18 09:57:14,242] WARN  (DispatcherServlet.java:1118) - No mapping found for HTTP request with URI [/favicon.ico] in DispatcherServlet with name 'spring-mvc'
[2014-11-18 09:57:28,246] WARN  (HqlSqlWalker.java:930) - [DEPRECATION] Encountered positional parameter near line 1, column 80.  Positional parameter are considered deprecated; use named parameters or JPA-style positional parameters instead.
[2014-11-18 10:30:18,665] WARN  (DispatcherServlet.java:1118) - No mapping found for HTTP request with URI [/favicon.ico] in DispatcherServlet with name 'spring-mvc'
[2014-11-18 10:31:13,868] WARN  (DispatcherServlet.java:1118) - No mapping found for HTTP request with URI [/favicon.ico] in DispatcherServlet with name 'spring-mvc'
[2014-11-18 10:54:50,705] WARN  (DispatcherServlet.java:1118) - No mapping found for HTTP request with URI [/favicon.ico] in DispatcherServlet with name 'spring-mvc'
[2014-11-18 10:55:24,431] WARN  (DispatcherServlet.java:1118) - No mapping found for HTTP request with URI [/favicon.ico] in DispatcherServlet with name 'spring-mvc'
[2014-11-18 10:56:29,360] WARN  (DispatcherServlet.java:1118) - No mapping found for HTTP request with URI [/favicon.ico] in DispatcherServlet with name 'spring-mvc'
[2014-11-18 10:56:36,535] WARN  (DispatcherServlet.java:1118) - No mapping found for HTTP request with URI [/favicon.ico] in DispatcherServlet with name 'spring-mvc'
[2014-11-18 10:57:19,538] WARN  (DispatcherServlet.java:1118) - No mapping found for HTTP request with URI [/favicon.ico] in DispatcherServlet with name 'spring-mvc'
[2014-11-18 10:58:19,029] WARN  (DispatcherServlet.java:1118) - No mapping found for HTTP request with URI [/favicon.ico] in DispatcherServlet with name 'spring-mvc'
